d:\documents\programming\c++\mcv\h3r\tools\yedexporter\src\x64\release\yedexporter.pch
d:\documents\programming\c++\mcv\h3r\tools\yedexporter\src\x64\release\vc141.pdb
d:\documents\programming\c++\mcv\h3r\tools\yedexporter\src\x64\release\pch.obj
d:\documents\programming\c++\mcv\h3r\tools\yedexporter\src\x64\release\yedexporter.obj
d:\documents\programming\c++\mcv\h3r\tools\yedexporter\src\x64\release\utils.obj
d:\documents\programming\c++\mcv\h3r\tools\yedexporter\src\x64\release\tinyxml2.obj
d:\documents\programming\c++\mcv\h3r\tools\yedexporter\src\x64\release\fsm.obj
d:\documents\programming\c++\mcv\h3r\tools\yedexporter\src\x64\release\config.obj
d:\documents\programming\c++\mcv\h3r\tools\yedexporter\yedexporter.exe
d:\documents\programming\c++\mcv\h3r\tools\yedexporter\yedexporter.pdb
d:\documents\programming\c++\mcv\h3r\tools\yedexporter\yedexporter.ipdb
d:\documents\programming\c++\mcv\h3r\tools\yedexporter\yedexporter.iobj
d:\documents\programming\c++\mcv\h3r\tools\yedexporter\src\\..\yedexporter.pdb
d:\documents\programming\c++\mcv\h3r\tools\yedexporter\src\\..\yedexporter.exe
d:\documents\programming\c++\mcv\h3r\tools\yedexporter\src\\..\yedexporter.ilk
d:\documents\programming\c++\mcv\h3r\tools\yedexporter\src\x64\release\yedexporter.tlog\cl.command.1.tlog
d:\documents\programming\c++\mcv\h3r\tools\yedexporter\src\x64\release\yedexporter.tlog\cl.read.1.tlog
d:\documents\programming\c++\mcv\h3r\tools\yedexporter\src\x64\release\yedexporter.tlog\cl.write.1.tlog
d:\documents\programming\c++\mcv\h3r\tools\yedexporter\src\x64\release\yedexporter.tlog\link.command.1.tlog
d:\documents\programming\c++\mcv\h3r\tools\yedexporter\src\x64\release\yedexporter.tlog\link.read.1.tlog
d:\documents\programming\c++\mcv\h3r\tools\yedexporter\src\x64\release\yedexporter.tlog\link.write.1.tlog
d:\documents\programming\c++\mcv\h3r\tools\yedexporter\src\x64\release\yedexporter.tlog\yedexporter.write.1u.tlog
