d:\documents\programming\c++\mcv\h3r\tools\yedexporter\src\x64\debug\yedexporter.pch
d:\documents\programming\c++\mcv\h3r\tools\yedexporter\src\x64\debug\vc141.pdb
d:\documents\programming\c++\mcv\h3r\tools\yedexporter\src\x64\debug\vc141.idb
d:\documents\programming\c++\mcv\h3r\tools\yedexporter\src\x64\debug\pch.obj
d:\documents\programming\c++\mcv\h3r\tools\yedexporter\src\x64\debug\yedexporter.obj
d:\documents\programming\c++\mcv\h3r\tools\yedexporter\src\x64\debug\utils.obj
d:\documents\programming\c++\mcv\h3r\tools\yedexporter\src\x64\debug\tinyxml2.obj
d:\documents\programming\c++\mcv\h3r\tools\yedexporter\src\x64\debug\fsm.obj
d:\documents\programming\c++\mcv\h3r\tools\yedexporter\src\x64\debug\config.obj
d:\documents\programming\c++\mcv\h3r\tools\yedexporter\yedexporter.ilk
d:\documents\programming\c++\mcv\h3r\tools\yedexporter\yedexporter.exe
d:\documents\programming\c++\mcv\h3r\tools\yedexporter\yedexporter.pdb
d:\documents\programming\c++\mcv\h3r\tools\yedexporter\yedexporter.ipdb
d:\documents\programming\c++\mcv\h3r\tools\yedexporter\yedexporter.iobj
d:\documents\programming\c++\mcv\h3r\tools\yedexporter\src\\..\yedexporter.pdb
d:\documents\programming\c++\mcv\h3r\tools\yedexporter\src\\..\yedexporter.exe
d:\documents\programming\c++\mcv\h3r\tools\yedexporter\src\\..\yedexporter.ilk
d:\documents\programming\c++\mcv\h3r\tools\yedexporter\src\x64\debug\yedexporter.tlog\cl.command.1.tlog
d:\documents\programming\c++\mcv\h3r\tools\yedexporter\src\x64\debug\yedexporter.tlog\cl.read.1.tlog
d:\documents\programming\c++\mcv\h3r\tools\yedexporter\src\x64\debug\yedexporter.tlog\cl.write.1.tlog
d:\documents\programming\c++\mcv\h3r\tools\yedexporter\src\x64\debug\yedexporter.tlog\link.command.1.tlog
d:\documents\programming\c++\mcv\h3r\tools\yedexporter\src\x64\debug\yedexporter.tlog\link.delete.1.tlog
d:\documents\programming\c++\mcv\h3r\tools\yedexporter\src\x64\debug\yedexporter.tlog\link.read.1.tlog
d:\documents\programming\c++\mcv\h3r\tools\yedexporter\src\x64\debug\yedexporter.tlog\link.write.1.tlog
d:\documents\programming\c++\mcv\h3r\tools\yedexporter\src\x64\debug\yedexporter.tlog\yedexporter.write.1u.tlog
